<?xml version="1.0" encoding="UTF-8" ?>
<testsuite failures="0" time="0" errors="0" skipped="0" tests="0" name="teste.TestePerm">
  <properties>
    <property name="java.runtime.name" value="Java(TM) SE Runtime Environment"/>
    <property name="sun.boot.library.path" value="C:\Java\jdk1.6.0_20\jre\bin"/>
    <property name="java.vm.version" value="16.3-b01"/>
    <property name="java.vm.vendor" value="Sun Microsystems Inc."/>
    <property name="java.vendor.url" value="http://java.sun.com/"/>
    <property name="path.separator" value=";"/>
    <property name="java.vm.name" value="Java HotSpot(TM) Client VM"/>
    <property name="file.encoding.pkg" value="sun.io"/>
    <property name="user.country" value="BR"/>
    <property name="sun.java.launcher" value="SUN_STANDARD"/>
    <property name="sun.os.patch.level" value="Service Pack 1"/>
    <property name="java.vm.specification.name" value="Java Virtual Machine Specification"/>
    <property name="user.dir" value="C:\Users\lamancio\workspace\SIGF2\SIGF"/>
    <property name="java.runtime.version" value="1.6.0_20-b02"/>
    <property name="java.awt.graphicsenv" value="sun.awt.Win32GraphicsEnvironment"/>
    <property name="basedir" value="C:\Users\lamancio\workspace\SIGF2\SIGF"/>
    <property name="java.endorsed.dirs" value="C:\Java\jdk1.6.0_20\jre\lib\endorsed"/>
    <property name="os.arch" value="x86"/>
    <property name="surefire.real.class.path" value="C:\Users\lamancio\workspace\SIGF2\SIGF\target\surefire\surefirebooter5851982569201285876.jar"/>
    <property name="java.io.tmpdir" value="C:\Users\lamancio\AppData\Local\Temp\"/>
    <property name="line.separator" value="
"/>
    <property name="java.vm.specification.vendor" value="Sun Microsystems Inc."/>
    <property name="user.variant" value=""/>
    <property name="os.name" value="Windows 7"/>
    <property name="sun.jnu.encoding" value="Cp1252"/>
    <property name="java.library.path" value="C:\Java\jdk1.6.0_20\jre\bin;.;C:\Windows\Sun\Java\bin;C:\Windows\system32;C:\Windows;C:\Program Files\Common Files\Microsoft Shared\Windows Live;C:\Program Files\CollabNet\Subversion Client;C:\Windows\system32;C:\Windows;C:\Windows\System32\Wbem;C:\Windows\System32\WindowsPowerShell\v1.0\;C:\Program Files\ATI Technologies\ATI.ACE\Core-Static;C:\Program Files\TortoiseSVN\bin;C:\Program Files\MySQL\MySQL Server 5.5\bin;C:\Program Files\Microsoft SQL Server\100\Tools\Binn\VSShell\Common7\IDE\;C:\Program Files\Microsoft SQL Server\100\Tools\Binn\;C:\Program Files\Microsoft SQL Server\100\DTS\Binn\;D:\sicat\app\bin;D:\maven\bin;C:\Java\jdk1.6.0_20\bin;;C:\Program Files\cvsnt;C:\Program Files\CVS Suite\CVSNT\;D:\ant_1.8.1\bin;C:\sqljdbc_2.0\enu\sqljdbc4.jar;C:\Program Files\Windows Live\Shared;C:\Program Files\CVSNT\;C:\Program Files\CVS Suite\CVSNT\"/>
    <property name="surefire.test.class.path" value="C:\Users\lamancio\workspace\SIGF2\SIGF\target\test-classes;C:\Users\lamancio\workspace\SIGF2\SIGF\target\classes;C:\Users\lamancio\.m2\repository\org\springframework\spring-webmvc\3.0.2.RELEASE\spring-webmvc-3.0.2.RELEASE.jar;C:\Users\lamancio\.m2\repository\org\springframework\spring-asm\3.0.2.RELEASE\spring-asm-3.0.2.RELEASE.jar;C:\Users\lamancio\.m2\repository\org\springframework\spring-beans\3.0.2.RELEASE\spring-beans-3.0.2.RELEASE.jar;C:\Users\lamancio\.m2\repository\org\springframework\spring-context\3.0.2.RELEASE\spring-context-3.0.2.RELEASE.jar;C:\Users\lamancio\.m2\repository\org\springframework\spring-aop\3.0.2.RELEASE\spring-aop-3.0.2.RELEASE.jar;C:\Users\lamancio\.m2\repository\org\springframework\spring-context-support\3.0.2.RELEASE\spring-context-support-3.0.2.RELEASE.jar;C:\Users\lamancio\.m2\repository\org\springframework\spring-core\3.0.2.RELEASE\spring-core-3.0.2.RELEASE.jar;C:\Users\lamancio\.m2\repository\org\springframework\spring-expression\3.0.2.RELEASE\spring-expression-3.0.2.RELEASE.jar;C:\Users\lamancio\.m2\repository\org\springframework\spring-web\3.0.2.RELEASE\spring-web-3.0.2.RELEASE.jar;C:\Users\lamancio\.m2\repository\aopalliance\aopalliance\1.0\aopalliance-1.0.jar;C:\Users\lamancio\.m2\repository\asynchronously\asynchronously\0.1\asynchronously-0.1.jar;C:\Users\lamancio\.m2\repository\c3p0\c3p0\0.9.1.2\c3p0-0.9.1.2.jar;C:\Users\lamancio\.m2\repository\org\hibernate\hibernate-core\3.6.1.Final\hibernate-core-3.6.1.Final.jar;C:\Users\lamancio\.m2\repository\antlr\antlr\2.7.6\antlr-2.7.6.jar;C:\Users\lamancio\.m2\repository\commons-collections\commons-collections\3.1\commons-collections-3.1.jar;C:\Users\lamancio\.m2\repository\dom4j\dom4j\1.6.1\dom4j-1.6.1.jar;C:\Users\lamancio\.m2\repository\org\hibernate\hibernate-commons-annotations\3.2.0.Final\hibernate-commons-annotations-3.2.0.Final.jar;C:\Users\lamancio\.m2\repository\org\hibernate\javax\persistence\hibernate-jpa-2.0-api\1.0.0.Final\hibernate-jpa-2.0-api-1.0.0.Final.jar;C:\Users\lamancio\.m2\repository\javax\transaction\jta\1.1\jta-1.1.jar;C:\Users\lamancio\.m2\repository\org\slf4j\slf4j-api\1.6.1\slf4j-api-1.6.1.jar;C:\Users\lamancio\.m2\repository\org\javassist\javassist\3.15.0-GA\javassist-3.15.0-GA.jar;C:\Users\lamancio\.m2\repository\net\sf\json-lib\json-lib-ext-spring\1.0.2\json-lib-ext-spring-1.0.2.jar;C:\Users\lamancio\.m2\repository\net\sf\json-lib\json-lib\2.2.2\json-lib-2.2.2-jdk15.jar;C:\Users\lamancio\.m2\repository\javax\servlet\servlet-api\2.4\servlet-api-2.4.jar;C:\Users\lamancio\.m2\repository\net\sf\spring-json\spring-json\1.3.1\spring-json-1.3.1.jar;C:\Users\lamancio\.m2\repository\org\springframework\spring\2.5.6\spring-2.5.6.jar;C:\Users\lamancio\.m2\repository\cglib\cglib-full\2.0.2\cglib-full-2.0.2.jar;C:\Users\lamancio\.m2\repository\commons-lang\commons-lang\2.2\commons-lang-2.2.jar;C:\Users\lamancio\.m2\repository\net\sf\ezmorph\ezmorph\1.0.4\ezmorph-1.0.4.jar;C:\Users\lamancio\.m2\repository\commons-beanutils\commons-beanutils\1.7.0\commons-beanutils-1.7.0.jar;C:\Users\lamancio\.m2\repository\net\sf\sojo\sojo-optional\0.5.0\sojo-optional-0.5.0.jar;C:\Users\lamancio\.m2\repository\org\springframework\spring-mock\2.0.6\spring-mock-2.0.6.jar;C:\Users\lamancio\.m2\repository\junit\junit\3.8.1\junit-3.8.1.jar;C:\Users\lamancio\.m2\repository\org\codehaus\jettison\jettison\1.0.1\jettison-1.0.1.jar;C:\Users\lamancio\.m2\repository\stax\stax-api\1.0.1\stax-api-1.0.1.jar;C:\Users\lamancio\.m2\repository\commons-logging\commons-logging\1.1\commons-logging-1.1.jar;C:\Users\lamancio\.m2\repository\logkit\logkit\1.0.1\logkit-1.0.1.jar;C:\Users\lamancio\.m2\repository\avalon-framework\avalon-framework\4.1.3\avalon-framework-4.1.3.jar;C:\Users\lamancio\.m2\repository\net\sf\sojo\sojo\0.5.0\sojo-0.5.0.jar;C:\Users\lamancio\.m2\repository\com\google\code\gson\gson\1.7.2\gson-1.7.2.jar;C:\Users\lamancio\.m2\repository\com\thoughtworks\xstream\xstream\1.4.1\xstream-1.4.1.jar;C:\Users\lamancio\.m2\repository\xmlpull\xmlpull\1.1.3.1\xmlpull-1.1.3.1.jar;C:\Users\lamancio\.m2\repository\xpp3\xpp3_min\1.1.4c\xpp3_min-1.1.4c.jar;C:\Users\lamancio\.m2\repository\com\thoughtworks\xstream\xstream-benchmark\1.4.1\xstream-benchmark-1.4.1.jar;C:\Users\lamancio\.m2\repository\com\thoughtworks\xstream\xstream-hibernate\1.4.1\xstream-hibernate-1.4.1.jar;C:\Users\lamancio\.m2\repository\hsqldb\hsqldb\1.8.0.7\hsqldb-1.8.0.7.jar;C:\Users\lamancio\.m2\repository\log4j\log4j\1.2.16\log4j-1.2.16.jar;"/>
    <property name="java.specification.name" value="Java Platform API Specification"/>
    <property name="java.class.version" value="50.0"/>
    <property name="sun.management.compiler" value="HotSpot Client Compiler"/>
    <property name="os.version" value="6.1"/>
    <property name="user.home" value="C:\Users\lamancio"/>
    <property name="user.timezone" value=""/>
    <property name="java.awt.printerjob" value="sun.awt.windows.WPrinterJob"/>
    <property name="java.specification.version" value="1.6"/>
    <property name="file.encoding" value="Cp1252"/>
    <property name="user.name" value="lamancio"/>
    <property name="java.class.path" value="C:\Users\lamancio\workspace\SIGF2\SIGF\target\test-classes;C:\Users\lamancio\workspace\SIGF2\SIGF\target\classes;C:\Users\lamancio\.m2\repository\org\springframework\spring-webmvc\3.0.2.RELEASE\spring-webmvc-3.0.2.RELEASE.jar;C:\Users\lamancio\.m2\repository\org\springframework\spring-asm\3.0.2.RELEASE\spring-asm-3.0.2.RELEASE.jar;C:\Users\lamancio\.m2\repository\org\springframework\spring-beans\3.0.2.RELEASE\spring-beans-3.0.2.RELEASE.jar;C:\Users\lamancio\.m2\repository\org\springframework\spring-context\3.0.2.RELEASE\spring-context-3.0.2.RELEASE.jar;C:\Users\lamancio\.m2\repository\org\springframework\spring-aop\3.0.2.RELEASE\spring-aop-3.0.2.RELEASE.jar;C:\Users\lamancio\.m2\repository\org\springframework\spring-context-support\3.0.2.RELEASE\spring-context-support-3.0.2.RELEASE.jar;C:\Users\lamancio\.m2\repository\org\springframework\spring-core\3.0.2.RELEASE\spring-core-3.0.2.RELEASE.jar;C:\Users\lamancio\.m2\repository\org\springframework\spring-expression\3.0.2.RELEASE\spring-expression-3.0.2.RELEASE.jar;C:\Users\lamancio\.m2\repository\org\springframework\spring-web\3.0.2.RELEASE\spring-web-3.0.2.RELEASE.jar;C:\Users\lamancio\.m2\repository\aopalliance\aopalliance\1.0\aopalliance-1.0.jar;C:\Users\lamancio\.m2\repository\asynchronously\asynchronously\0.1\asynchronously-0.1.jar;C:\Users\lamancio\.m2\repository\c3p0\c3p0\0.9.1.2\c3p0-0.9.1.2.jar;C:\Users\lamancio\.m2\repository\org\hibernate\hibernate-core\3.6.1.Final\hibernate-core-3.6.1.Final.jar;C:\Users\lamancio\.m2\repository\antlr\antlr\2.7.6\antlr-2.7.6.jar;C:\Users\lamancio\.m2\repository\commons-collections\commons-collections\3.1\commons-collections-3.1.jar;C:\Users\lamancio\.m2\repository\dom4j\dom4j\1.6.1\dom4j-1.6.1.jar;C:\Users\lamancio\.m2\repository\org\hibernate\hibernate-commons-annotations\3.2.0.Final\hibernate-commons-annotations-3.2.0.Final.jar;C:\Users\lamancio\.m2\repository\org\hibernate\javax\persistence\hibernate-jpa-2.0-api\1.0.0.Final\hibernate-jpa-2.0-api-1.0.0.Final.jar;C:\Users\lamancio\.m2\repository\javax\transaction\jta\1.1\jta-1.1.jar;C:\Users\lamancio\.m2\repository\org\slf4j\slf4j-api\1.6.1\slf4j-api-1.6.1.jar;C:\Users\lamancio\.m2\repository\org\javassist\javassist\3.15.0-GA\javassist-3.15.0-GA.jar;C:\Users\lamancio\.m2\repository\net\sf\json-lib\json-lib-ext-spring\1.0.2\json-lib-ext-spring-1.0.2.jar;C:\Users\lamancio\.m2\repository\net\sf\json-lib\json-lib\2.2.2\json-lib-2.2.2-jdk15.jar;C:\Users\lamancio\.m2\repository\javax\servlet\servlet-api\2.4\servlet-api-2.4.jar;C:\Users\lamancio\.m2\repository\net\sf\spring-json\spring-json\1.3.1\spring-json-1.3.1.jar;C:\Users\lamancio\.m2\repository\org\springframework\spring\2.5.6\spring-2.5.6.jar;C:\Users\lamancio\.m2\repository\cglib\cglib-full\2.0.2\cglib-full-2.0.2.jar;C:\Users\lamancio\.m2\repository\commons-lang\commons-lang\2.2\commons-lang-2.2.jar;C:\Users\lamancio\.m2\repository\net\sf\ezmorph\ezmorph\1.0.4\ezmorph-1.0.4.jar;C:\Users\lamancio\.m2\repository\commons-beanutils\commons-beanutils\1.7.0\commons-beanutils-1.7.0.jar;C:\Users\lamancio\.m2\repository\net\sf\sojo\sojo-optional\0.5.0\sojo-optional-0.5.0.jar;C:\Users\lamancio\.m2\repository\org\springframework\spring-mock\2.0.6\spring-mock-2.0.6.jar;C:\Users\lamancio\.m2\repository\junit\junit\3.8.1\junit-3.8.1.jar;C:\Users\lamancio\.m2\repository\org\codehaus\jettison\jettison\1.0.1\jettison-1.0.1.jar;C:\Users\lamancio\.m2\repository\stax\stax-api\1.0.1\stax-api-1.0.1.jar;C:\Users\lamancio\.m2\repository\commons-logging\commons-logging\1.1\commons-logging-1.1.jar;C:\Users\lamancio\.m2\repository\logkit\logkit\1.0.1\logkit-1.0.1.jar;C:\Users\lamancio\.m2\repository\avalon-framework\avalon-framework\4.1.3\avalon-framework-4.1.3.jar;C:\Users\lamancio\.m2\repository\net\sf\sojo\sojo\0.5.0\sojo-0.5.0.jar;C:\Users\lamancio\.m2\repository\com\google\code\gson\gson\1.7.2\gson-1.7.2.jar;C:\Users\lamancio\.m2\repository\com\thoughtworks\xstream\xstream\1.4.1\xstream-1.4.1.jar;C:\Users\lamancio\.m2\repository\xmlpull\xmlpull\1.1.3.1\xmlpull-1.1.3.1.jar;C:\Users\lamancio\.m2\repository\xpp3\xpp3_min\1.1.4c\xpp3_min-1.1.4c.jar;C:\Users\lamancio\.m2\repository\com\thoughtworks\xstream\xstream-benchmark\1.4.1\xstream-benchmark-1.4.1.jar;C:\Users\lamancio\.m2\repository\com\thoughtworks\xstream\xstream-hibernate\1.4.1\xstream-hibernate-1.4.1.jar;C:\Users\lamancio\.m2\repository\hsqldb\hsqldb\1.8.0.7\hsqldb-1.8.0.7.jar;C:\Users\lamancio\.m2\repository\log4j\log4j\1.2.16\log4j-1.2.16.jar;"/>
    <property name="java.vm.specification.version" value="1.0"/>
    <property name="sun.arch.data.model" value="32"/>
    <property name="java.home" value="C:\Java\jdk1.6.0_20\jre"/>
    <property name="java.specification.vendor" value="Sun Microsystems Inc."/>
    <property name="user.language" value="pt"/>
    <property name="awt.toolkit" value="sun.awt.windows.WToolkit"/>
    <property name="java.vm.info" value="mixed mode, sharing"/>
    <property name="java.version" value="1.6.0_20"/>
    <property name="java.ext.dirs" value="C:\Java\jdk1.6.0_20\jre\lib\ext;C:\Windows\Sun\Java\lib\ext"/>
    <property name="sun.boot.class.path" value="C:\Java\jdk1.6.0_20\jre\lib\resources.jar;C:\Java\jdk1.6.0_20\jre\lib\rt.jar;C:\Java\jdk1.6.0_20\jre\lib\sunrsasign.jar;C:\Java\jdk1.6.0_20\jre\lib\jsse.jar;C:\Java\jdk1.6.0_20\jre\lib\jce.jar;C:\Java\jdk1.6.0_20\jre\lib\charsets.jar;C:\Java\jdk1.6.0_20\jre\classes"/>
    <property name="java.vendor" value="Sun Microsystems Inc."/>
    <property name="localRepository" value="C:\Users\lamancio\.m2\repository"/>
    <property name="file.separator" value="\"/>
    <property name="java.vendor.url.bug" value="http://java.sun.com/cgi-bin/bugreport.cgi"/>
    <property name="sun.cpu.endian" value="little"/>
    <property name="sun.io.unicode.encoding" value="UnicodeLittle"/>
    <property name="sun.desktop" value="windows"/>
    <property name="sun.cpu.isalist" value="pentium_pro+mmx pentium_pro pentium+mmx pentium i486 i386 i86"/>
  </properties>
</testsuite>